

Started GET "/acslater00" for 127.0.0.1 at 2011-07-13 00:22:00 -0400
  Processing by ApplicationController#show as HTML
  Parameters: {"username"=>"acslater00"}
Completed   in 28ms

ActionView::MissingTemplate (Missing template application/show with {:handlers=>[:erb, :rjs, :builder, :rhtml, :rxml], :formats=>[:html], :locale=>[:en, :en]} in view paths "/Users/adamc/src/subtwitle/app/views"):
  

Rendered /Users/adamc/.rvm/gems/ruby-1.9.2-p180/gems/actionpack-3.0.7/lib/action_dispatch/middleware/templates/rescues/missing_template.erb within rescues/layout (1.5ms)


Started GET "/acslater00" for 127.0.0.1 at 2011-07-13 00:28:34 -0400

AbstractController::ActionNotFound (The action 'show' could not be found for ApplicationController):
  

Rendered /Users/adamc/.rvm/gems/ruby-1.9.2-p180/gems/actionpack-3.0.7/lib/action_dispatch/middleware/templates/rescues/unknown_action.erb within rescues/layout (1.3ms)


Started GET "/acslater00" for 127.0.0.1 at 2011-07-13 00:28:36 -0400

AbstractController::ActionNotFound (The action 'show' could not be found for ApplicationController):
  

Rendered /Users/adamc/.rvm/gems/ruby-1.9.2-p180/gems/actionpack-3.0.7/lib/action_dispatch/middleware/templates/rescues/unknown_action.erb within rescues/layout (1.3ms)


Started GET "/acslater00" for 127.0.0.1 at 2011-07-13 00:28:56 -0400

ActionController::RoutingError (uninitialized constant CaptionsController):
  

Rendered /Users/adamc/.rvm/gems/ruby-1.9.2-p180/gems/actionpack-3.0.7/lib/action_dispatch/middleware/templates/rescues/routing_error.erb within rescues/layout (1.7ms)


Started GET "/acslater00" for 127.0.0.1 at 2011-07-13 00:29:23 -0400
  Processing by CaptionsController#show as HTML
  Parameters: {"username"=>"acslater00"}
Completed   in 6ms

ActionView::MissingTemplate (Missing template captions/show with {:handlers=>[:erb, :rjs, :builder, :rhtml, :rxml], :formats=>[:html], :locale=>[:en, :en]} in view paths "/Users/adamc/src/subtwitle/app/views"):
  

Rendered /Users/adamc/.rvm/gems/ruby-1.9.2-p180/gems/actionpack-3.0.7/lib/action_dispatch/middleware/templates/rescues/missing_template.erb within rescues/layout (1.4ms)


Started GET "/acslater00" for 127.0.0.1 at 2011-07-13 00:30:57 -0400
  Processing by CaptionsController#show as HTML
  Parameters: {"username"=>"acslater00"}
Rendered captions/show.html.haml (1.6ms)
Completed 200 OK in 8ms (Views: 7.0ms | ActiveRecord: 0.0ms)


Started GET "/acslater00" for 127.0.0.1 at 2011-07-13 00:31:02 -0400
  Processing by CaptionsController#show as HTML
  Parameters: {"username"=>"acslater00"}
Rendered captions/show.html.haml (1.7ms)
Completed 200 OK in 7ms (Views: 6.4ms | ActiveRecord: 0.0ms)


Started GET "/acslater00" for 127.0.0.1 at 2011-07-13 00:32:23 -0400
  Processing by CaptionsController#show as HTML
  Parameters: {"username"=>"acslater00"}
Rendered captions/show.html.haml (1.8ms)
Completed 200 OK in 8ms (Views: 7.1ms | ActiveRecord: 0.0ms)


Started GET "/acslater00" for 127.0.0.1 at 2011-07-13 00:34:03 -0400
  Processing by CaptionsController#show as HTML
  Parameters: {"username"=>"acslater00"}
Rendered captions/show.html.haml within layouts/application (24.8ms)
Completed 200 OK in 31ms (Views: 30.2ms | ActiveRecord: 0.0ms)


Started GET "/application.js" for 127.0.0.1 at 2011-07-13 00:34:03 -0400
  Processing by CaptionsController#show as JS
  Parameters: {"username"=>"application"}
Rendered captions/show.html.haml within layouts/application (37.0ms)
Completed 200 OK in 42ms (Views: 41.1ms | ActiveRecord: 0.0ms)


Started GET "/jquery.googli.js" for 127.0.0.1 at 2011-07-13 00:34:03 -0400

ActionController::RoutingError (No route matches "/jquery.googli.js"):
  

Rendered /Users/adamc/.rvm/gems/ruby-1.9.2-p180/gems/actionpack-3.0.7/lib/action_dispatch/middleware/templates/rescues/routing_error.erb within rescues/layout (2.2ms)


Started GET "/jquery.jtwitter.js" for 127.0.0.1 at 2011-07-13 00:34:03 -0400

ActionController::RoutingError (No route matches "/jquery.jtwitter.js"):
  

Rendered /Users/adamc/.rvm/gems/ruby-1.9.2-p180/gems/actionpack-3.0.7/lib/action_dispatch/middleware/templates/rescues/routing_error.erb within rescues/layout (2.2ms)


Started GET "/application.css" for 127.0.0.1 at 2011-07-13 00:34:03 -0400
  Processing by CaptionsController#show as CSS
  Parameters: {"username"=>"application"}
Completed   in 3ms

ActionView::MissingTemplate (Missing template captions/show with {:handlers=>[:erb, :rjs, :builder, :rhtml, :rxml, :haml], :formats=>[:css], :locale=>[:en, :en]} in view paths "/Users/adamc/src/subtwitle/app/views"):
  

Rendered /Users/adamc/.rvm/gems/ruby-1.9.2-p180/gems/actionpack-3.0.7/lib/action_dispatch/middleware/templates/rescues/missing_template.erb within rescues/layout (2.1ms)


Started GET "/acslater00?username=acslater00" for 127.0.0.1 at 2011-07-13 00:34:07 -0400
  Processing by CaptionsController#show as HTML
  Parameters: {"username"=>"acslater00"}
Rendered captions/show.html.haml within layouts/application (20.8ms)
Completed 200 OK in 26ms (Views: 25.2ms | ActiveRecord: 0.0ms)


Started GET "/application.css" for 127.0.0.1 at 2011-07-13 00:34:07 -0400
  Processing by CaptionsController#show as CSS
  Parameters: {"username"=>"application"}
Completed   in 11ms

ActionView::MissingTemplate (Missing template captions/show with {:handlers=>[:erb, :rjs, :builder, :rhtml, :rxml, :haml], :formats=>[:css], :locale=>[:en, :en]} in view paths "/Users/adamc/src/subtwitle/app/views"):
  

Rendered /Users/adamc/.rvm/gems/ruby-1.9.2-p180/gems/actionpack-3.0.7/lib/action_dispatch/middleware/templates/rescues/missing_template.erb within rescues/layout (1.5ms)


Started GET "/application.js" for 127.0.0.1 at 2011-07-13 00:34:07 -0400
  Processing by CaptionsController#show as JS
  Parameters: {"username"=>"application"}
Rendered captions/show.html.haml within layouts/application (40.8ms)
Completed 200 OK in 53ms (Views: 52.8ms | ActiveRecord: 0.0ms)


Started GET "/jquery.jtwitter.js" for 127.0.0.1 at 2011-07-13 00:34:07 -0400

ActionController::RoutingError (No route matches "/jquery.jtwitter.js"):
  

Rendered /Users/adamc/.rvm/gems/ruby-1.9.2-p180/gems/actionpack-3.0.7/lib/action_dispatch/middleware/templates/rescues/routing_error.erb within rescues/layout (2.1ms)


Started GET "/jquery.googli.js" for 127.0.0.1 at 2011-07-13 00:34:07 -0400

ActionController::RoutingError (No route matches "/jquery.googli.js"):
  

Rendered /Users/adamc/.rvm/gems/ruby-1.9.2-p180/gems/actionpack-3.0.7/lib/action_dispatch/middleware/templates/rescues/routing_error.erb within rescues/layout (1.9ms)


Started GET "/acslater00" for 127.0.0.1 at 2011-07-13 00:35:27 -0400
  Processing by CaptionsController#show as HTML
  Parameters: {"username"=>"acslater00"}
Rendered captions/show.html.haml within layouts/application (18.2ms)
Completed 200 OK in 23ms (Views: 22.9ms | ActiveRecord: 0.0ms)


Started GET "/application.css" for 127.0.0.1 at 2011-07-13 00:35:27 -0400
  Processing by CaptionsController#show as CSS
  Parameters: {"username"=>"application"}
Completed   in 3ms

ActionView::MissingTemplate (Missing template captions/show with {:handlers=>[:erb, :rjs, :builder, :rhtml, :rxml, :haml], :formats=>[:css], :locale=>[:en, :en]} in view paths "/Users/adamc/src/subtwitle/app/views"):
  

Rendered /Users/adamc/.rvm/gems/ruby-1.9.2-p180/gems/actionpack-3.0.7/lib/action_dispatch/middleware/templates/rescues/missing_template.erb within rescues/layout (1.4ms)


Started GET "/jquery.jtwitter.js" for 127.0.0.1 at 2011-07-13 00:35:27 -0400

ActionController::RoutingError (No route matches "/jquery.jtwitter.js"):
  

Rendered /Users/adamc/.rvm/gems/ruby-1.9.2-p180/gems/actionpack-3.0.7/lib/action_dispatch/middleware/templates/rescues/routing_error.erb within rescues/layout (2.2ms)


Started GET "/jquery.googli.js" for 127.0.0.1 at 2011-07-13 00:35:27 -0400

ActionController::RoutingError (No route matches "/jquery.googli.js"):
  

Rendered /Users/adamc/.rvm/gems/ruby-1.9.2-p180/gems/actionpack-3.0.7/lib/action_dispatch/middleware/templates/rescues/routing_error.erb within rescues/layout (1.6ms)


Started GET "/application.js" for 127.0.0.1 at 2011-07-13 00:35:27 -0400
  Processing by CaptionsController#show as JS
  Parameters: {"username"=>"application"}
Rendered captions/show.html.haml within layouts/application (25.7ms)
Completed 200 OK in 34ms (Views: 33.8ms | ActiveRecord: 0.0ms)


Started GET "/acslater00" for 127.0.0.1 at 2011-07-13 00:35:29 -0400
  Processing by CaptionsController#show as HTML
  Parameters: {"username"=>"acslater00"}
Rendered captions/show.html.haml within layouts/application (76.9ms)
Completed 200 OK in 85ms (Views: 84.0ms | ActiveRecord: 0.0ms)


Started GET "/jquery.jtwitter.js" for 127.0.0.1 at 2011-07-13 00:35:35 -0400

ActionController::RoutingError (No route matches "/jquery.jtwitter.js"):
  

Rendered /Users/adamc/.rvm/gems/ruby-1.9.2-p180/gems/actionpack-3.0.7/lib/action_dispatch/middleware/templates/rescues/routing_error.erb within rescues/layout (2.0ms)


Started GET "/acslater00" for 127.0.0.1 at 2011-07-13 00:36:05 -0400
  Processing by CaptionsController#show as HTML
  Parameters: {"username"=>"acslater00"}
Rendered captions/show.html.haml within layouts/application (21.0ms)
Completed 200 OK in 30ms (Views: 29.2ms | ActiveRecord: 0.0ms)


Started GET "/acslater00" for 127.0.0.1 at 2011-07-13 00:36:10 -0400
  Processing by CaptionsController#show as HTML
  Parameters: {"username"=>"acslater00"}
Rendered captions/show.html.haml within layouts/application (60.9ms)
Completed 200 OK in 66ms (Views: 65.0ms | ActiveRecord: 0.0ms)


Started GET "/jquery.jtwitter.js" for 127.0.0.1 at 2011-07-13 00:36:10 -0400

ActionController::RoutingError (No route matches "/jquery.jtwitter.js"):
  

Rendered /Users/adamc/.rvm/gems/ruby-1.9.2-p180/gems/actionpack-3.0.7/lib/action_dispatch/middleware/templates/rescues/routing_error.erb within rescues/layout (2.6ms)


Started GET "/application.js" for 127.0.0.1 at 2011-07-13 00:36:10 -0400
  Processing by CaptionsController#show as JS
  Parameters: {"username"=>"application"}
Rendered captions/show.html.haml within layouts/application (31.9ms)
Completed 200 OK in 37ms (Views: 36.7ms | ActiveRecord: 0.0ms)


Started GET "/jquery.googli.js" for 127.0.0.1 at 2011-07-13 00:36:10 -0400

ActionController::RoutingError (No route matches "/jquery.googli.js"):
  

Rendered /Users/adamc/.rvm/gems/ruby-1.9.2-p180/gems/actionpack-3.0.7/lib/action_dispatch/middleware/templates/rescues/routing_error.erb within rescues/layout (1.8ms)


Started GET "/acslater00" for 127.0.0.1 at 2011-07-13 00:36:42 -0400
  Processing by CaptionsController#show as HTML
  Parameters: {"username"=>"acslater00"}
Rendered captions/show.html.haml within layouts/application (20.1ms)
Completed 200 OK in 25ms (Views: 24.5ms | ActiveRecord: 0.0ms)


Started GET "/acslater00" for 127.0.0.1 at 2011-07-13 00:36:44 -0400
  Processing by CaptionsController#show as HTML
  Parameters: {"username"=>"acslater00"}
Rendered captions/show.html.haml within layouts/application (19.6ms)
Completed 200 OK in 24ms (Views: 23.4ms | ActiveRecord: 0.0ms)


Started GET "/acslater00?username=acslater00" for 127.0.0.1 at 2011-07-13 00:36:49 -0400
  Processing by CaptionsController#show as HTML
  Parameters: {"username"=>"acslater00"}
Rendered captions/show.html.haml within layouts/application (19.9ms)
Completed 200 OK in 24ms (Views: 23.8ms | ActiveRecord: 0.0ms)


Started GET "/acslater00" for 127.0.0.1 at 2011-07-13 00:36:54 -0400
  Processing by CaptionsController#show as HTML
  Parameters: {"username"=>"acslater00"}
Rendered captions/show.html.haml within layouts/application (20.4ms)
Completed 200 OK in 26ms (Views: 24.9ms | ActiveRecord: 0.0ms)


Started GET "/acslater00" for 127.0.0.1 at 2011-07-13 00:36:55 -0400
  Processing by CaptionsController#show as HTML
  Parameters: {"username"=>"acslater00"}
Rendered captions/show.html.haml within layouts/application (20.6ms)
Completed 200 OK in 25ms (Views: 24.6ms | ActiveRecord: 0.0ms)


Started GET "/acslater00" for 127.0.0.1 at 2011-07-13 00:36:56 -0400
  Processing by CaptionsController#show as HTML
  Parameters: {"username"=>"acslater00"}
Rendered captions/show.html.haml within layouts/application (56.5ms)
Completed 200 OK in 61ms (Views: 60.7ms | ActiveRecord: 0.0ms)


Started GET "/acslater00?username=acslater00" for 127.0.0.1 at 2011-07-13 00:36:59 -0400
  Processing by CaptionsController#show as HTML
  Parameters: {"username"=>"acslater00"}
Rendered captions/show.html.haml within layouts/application (19.5ms)
Completed 200 OK in 25ms (Views: 24.9ms | ActiveRecord: 0.0ms)


Started GET "/acslater00" for 127.0.0.1 at 2011-07-13 00:40:04 -0400
  Processing by CaptionsController#show as HTML
  Parameters: {"username"=>"acslater00"}
Rendered captions/show.html.haml within layouts/application (21.7ms)
Completed 200 OK in 27ms (Views: 26.5ms | ActiveRecord: 0.0ms)


Started GET "/acslater00" for 127.0.0.1 at 2011-07-13 00:40:20 -0400
  Processing by CaptionsController#show as HTML
  Parameters: {"username"=>"acslater00"}
Rendered captions/show.html.haml within layouts/application (102.9ms)
Completed 200 OK in 108ms (Views: 107.4ms | ActiveRecord: 0.0ms)


Started GET "/acslater00" for 127.0.0.1 at 2011-07-13 00:43:25 -0400
  Processing by CaptionsController#show as HTML
  Parameters: {"username"=>"acslater00"}
Rendered captions/show.html.haml within layouts/application (35.2ms)
Completed 200 OK in 41ms (Views: 40.5ms | ActiveRecord: 0.0ms)


Started GET "/acslater00" for 127.0.0.1 at 2011-07-13 00:45:25 -0400
  Processing by CaptionsController#show as HTML
  Parameters: {"username"=>"acslater00"}
Rendered captions/show.html.haml within layouts/application (30.8ms)
Completed 200 OK in 111ms (Views: 110.7ms | ActiveRecord: 0.0ms)


Started GET "/acslater00?username=acslater00" for 127.0.0.1 at 2011-07-13 00:45:40 -0400
  Processing by CaptionsController#show as HTML
  Parameters: {"username"=>"acslater00"}
Rendered captions/show.html.haml within layouts/application (20.9ms)
Completed 200 OK in 25ms (Views: 24.7ms | ActiveRecord: 0.0ms)


Started GET "/acslater00" for 127.0.0.1 at 2011-07-13 00:45:43 -0400
  Processing by CaptionsController#show as HTML
  Parameters: {"username"=>"acslater00"}
Rendered captions/show.html.haml within layouts/application (19.9ms)
Completed 200 OK in 25ms (Views: 24.4ms | ActiveRecord: 0.0ms)


Started GET "/acslater00" for 127.0.0.1 at 2011-07-13 00:45:44 -0400
  Processing by CaptionsController#show as HTML
  Parameters: {"username"=>"acslater00"}
Rendered captions/show.html.haml within layouts/application (20.4ms)
Completed 200 OK in 26ms (Views: 24.5ms | ActiveRecord: 0.0ms)


Started GET "/acslater00" for 127.0.0.1 at 2011-07-13 00:45:47 -0400
  Processing by CaptionsController#show as HTML
  Parameters: {"username"=>"acslater00"}
Rendered captions/show.html.haml within layouts/application (21.3ms)
Completed 200 OK in 27ms (Views: 26.1ms | ActiveRecord: 0.0ms)


Started GET "/acslater00" for 127.0.0.1 at 2011-07-13 00:46:09 -0400
  Processing by CaptionsController#show as HTML
  Parameters: {"username"=>"acslater00"}
Rendered captions/show.html.haml within layouts/application (20.4ms)
Completed 200 OK in 25ms (Views: 24.4ms | ActiveRecord: 0.0ms)


Started GET "/acslater00" for 127.0.0.1 at 2011-07-13 00:46:21 -0400
  Processing by CaptionsController#show as HTML
  Parameters: {"username"=>"acslater00"}
Rendered captions/show.html.haml within layouts/application (21.6ms)
Completed 200 OK in 27ms (Views: 26.1ms | ActiveRecord: 0.0ms)


Started GET "/acslater00" for 127.0.0.1 at 2011-07-13 00:46:33 -0400
  Processing by CaptionsController#show as HTML
  Parameters: {"username"=>"acslater00"}
Rendered captions/show.html.haml within layouts/application (24.9ms)
Completed 200 OK in 32ms (Views: 31.8ms | ActiveRecord: 0.0ms)


Started GET "/acslater00" for 127.0.0.1 at 2011-07-13 00:46:44 -0400
  Processing by CaptionsController#show as HTML
  Parameters: {"username"=>"acslater00"}
Rendered captions/show.html.haml within layouts/application (38.5ms)
Completed 200 OK in 44ms (Views: 42.7ms | ActiveRecord: 0.0ms)


Started GET "/acslater00" for 127.0.0.1 at 2011-07-13 00:47:26 -0400
  Processing by CaptionsController#show as HTML
  Parameters: {"username"=>"acslater00"}
Rendered captions/show.html.haml within layouts/application (76.8ms)
Completed 200 OK in 85ms (Views: 84.4ms | ActiveRecord: 0.0ms)


Started GET "/acslater00" for 127.0.0.1 at 2011-07-13 00:47:54 -0400
  Processing by CaptionsController#show as HTML
  Parameters: {"username"=>"acslater00"}
Rendered captions/show.html.haml within layouts/application (28.1ms)
Completed 200 OK in 36ms (Views: 35.4ms | ActiveRecord: 0.0ms)


Started GET "/acslater00" for 127.0.0.1 at 2011-07-13 00:48:41 -0400
  Processing by CaptionsController#show as HTML
  Parameters: {"username"=>"acslater00"}
Rendered captions/show.html.haml within layouts/application (69.0ms)
Completed 200 OK in 81ms (Views: 76.3ms | ActiveRecord: 0.0ms)


Started GET "/" for 127.0.0.1 at 2011-07-13 00:53:16 -0400
  Processing by CaptionsController#show as HTML
Redirected to http://localhost:3000/
Completed 302 Found in 1ms


Started GET "/" for 127.0.0.1 at 2011-07-13 00:53:17 -0400
  Processing by CaptionsController#show as HTML
Redirected to http://localhost:3000/
Completed 302 Found in 1ms


Started GET "/" for 127.0.0.1 at 2011-07-13 00:53:17 -0400
  Processing by CaptionsController#show as HTML
Redirected to http://localhost:3000/
Completed 302 Found in 1ms


Started GET "/" for 127.0.0.1 at 2011-07-13 00:53:17 -0400
  Processing by CaptionsController#show as HTML
Redirected to http://localhost:3000/
Completed 302 Found in 1ms


Started GET "/" for 127.0.0.1 at 2011-07-13 00:53:18 -0400
  Processing by CaptionsController#show as HTML
Redirected to http://localhost:3000/
Completed 302 Found in 1ms


Started GET "/" for 127.0.0.1 at 2011-07-13 00:53:18 -0400
  Processing by CaptionsController#show as HTML
Redirected to http://localhost:3000/
Completed 302 Found in 1ms


Started GET "/" for 127.0.0.1 at 2011-07-13 00:53:18 -0400
  Processing by CaptionsController#show as HTML
Redirected to http://localhost:3000/
Completed 302 Found in 1ms


Started GET "/" for 127.0.0.1 at 2011-07-13 00:53:18 -0400
  Processing by CaptionsController#show as HTML
Redirected to http://localhost:3000/
Completed 302 Found in 1ms


Started GET "/" for 127.0.0.1 at 2011-07-13 00:53:18 -0400
  Processing by CaptionsController#show as HTML
Redirected to http://localhost:3000/
Completed 302 Found in 1ms


Started GET "/" for 127.0.0.1 at 2011-07-13 00:53:18 -0400
  Processing by CaptionsController#show as HTML
Redirected to http://localhost:3000/
Completed 302 Found in 1ms


Started GET "/" for 127.0.0.1 at 2011-07-13 00:53:18 -0400
  Processing by CaptionsController#show as HTML
Redirected to http://localhost:3000/
Completed 302 Found in 1ms


Started GET "/" for 127.0.0.1 at 2011-07-13 00:53:18 -0400
  Processing by CaptionsController#show as HTML
Redirected to http://localhost:3000/
Completed 302 Found in 1ms


Started GET "/" for 127.0.0.1 at 2011-07-13 00:53:18 -0400
  Processing by CaptionsController#show as HTML
Redirected to http://localhost:3000/
Completed 302 Found in 1ms


Started GET "/" for 127.0.0.1 at 2011-07-13 00:53:18 -0400
  Processing by CaptionsController#show as HTML
Redirected to http://localhost:3000/
Completed 302 Found in 1ms


Started GET "/" for 127.0.0.1 at 2011-07-13 00:53:18 -0400
  Processing by CaptionsController#show as HTML
Redirected to http://localhost:3000/
Completed 302 Found in 1ms


Started GET "/" for 127.0.0.1 at 2011-07-13 00:53:18 -0400
  Processing by CaptionsController#show as HTML
Redirected to http://localhost:3000/
Completed 302 Found in 1ms


Started GET "/" for 127.0.0.1 at 2011-07-13 00:53:18 -0400
  Processing by CaptionsController#show as HTML
Redirected to http://localhost:3000/
Completed 302 Found in 1ms


Started GET "/" for 127.0.0.1 at 2011-07-13 00:53:18 -0400
  Processing by CaptionsController#show as HTML
Redirected to http://localhost:3000/
Completed 302 Found in 1ms


Started GET "/" for 127.0.0.1 at 2011-07-13 00:53:18 -0400
  Processing by CaptionsController#show as HTML
Redirected to http://localhost:3000/
Completed 302 Found in 1ms


Started GET "/" for 127.0.0.1 at 2011-07-13 00:53:18 -0400
  Processing by CaptionsController#show as HTML
Redirected to http://localhost:3000/
Completed 302 Found in 3ms


Started GET "/" for 127.0.0.1 at 2011-07-13 00:53:18 -0400
  Processing by CaptionsController#show as HTML
Redirected to http://localhost:3000/
Completed 302 Found in 1ms


Started GET "/" for 127.0.0.1 at 2011-07-13 00:53:41 -0400
  Processing by CaptionsController#show as HTML
Rendered captions/show.html.haml within layouts/application (19.6ms)
Completed 200 OK in 25ms (Views: 24.4ms | ActiveRecord: 0.0ms)


Started GET "/acslater00" for 127.0.0.1 at 2011-07-13 00:54:11 -0400
  Processing by CaptionsController#show as HTML
  Parameters: {"username"=>"acslater00"}
Rendered captions/show.html.haml within layouts/application (26.1ms)
Completed 200 OK in 31ms (Views: 30.4ms | ActiveRecord: 0.0ms)


Started GET "/" for 127.0.0.1 at 2011-07-13 00:54:25 -0400
  Processing by CaptionsController#show as HTML
Rendered captions/show.html.haml within layouts/application (26.7ms)
Completed 200 OK in 33ms (Views: 32.7ms | ActiveRecord: 0.0ms)
